1597622296008	geckodriver	INFO	Listening on 127.0.0.1:57630
1597622297031	mozrunner::runner	INFO	Running command: "/Applications/Firefox.app/Contents/MacOS/firefox-bin" "--marionette" "-foreground" "-no-remote" "-profile" "/var/folders/bf/kx7p92dd5b98zbpfr_8rdjbc0000gn/T/rust_mozprofileADTdEG"
1597622298275	addons.webextension.screenshots@mozilla.org	WARN	Loading extension 'screenshots@mozilla.org': Reading manifest: Invalid extension permission: mozillaAddons
1597622298275	addons.webextension.screenshots@mozilla.org	WARN	Loading extension 'screenshots@mozilla.org': Reading manifest: Invalid extension permission: resource://pdf.js/
1597622298275	addons.webextension.screenshots@mozilla.org	WARN	Loading extension 'screenshots@mozilla.org': Reading manifest: Invalid extension permission: about:reader*
1597622301491	Marionette	INFO	Listening on port 57641
1597622301546	Marionette	WARN	TLS certificate errors will be ignored for this session
1597622301842	Marionette	INFO	Stopped listening on port 57641
JavaScript error: resource://gre/modules/Sqlite.jsm, line 834: Error: Connection is not open.
1597622542542	geckodriver	INFO	Listening on 127.0.0.1:57824
1597622543558	mozrunner::runner	INFO	Running command: "/Applications/Firefox.app/Contents/MacOS/firefox-bin" "--marionette" "-foreground" "-no-remote" "-profile" "/var/folders/bf/kx7p92dd5b98zbpfr_8rdjbc0000gn/T/rust_mozprofileFVrln7"
1597622544760	addons.webextension.screenshots@mozilla.org	WARN	Loading extension 'screenshots@mozilla.org': Reading manifest: Invalid extension permission: mozillaAddons
1597622544760	addons.webextension.screenshots@mozilla.org	WARN	Loading extension 'screenshots@mozilla.org': Reading manifest: Invalid extension permission: resource://pdf.js/
1597622544760	addons.webextension.screenshots@mozilla.org	WARN	Loading extension 'screenshots@mozilla.org': Reading manifest: Invalid extension permission: about:reader*
1597622548021	Marionette	INFO	Listening on port 57835
1597622548105	Marionette	WARN	TLS certificate errors will be ignored for this session
1597622548302	Marionette	INFO	Stopped listening on port 57835
JavaScript error: resource://gre/modules/Sqlite.jsm, line 834: Error: Connection is not open.
1597622629213	geckodriver	INFO	Listening on 127.0.0.1:58040
1597622630237	mozrunner::runner	INFO	Running command: "/Applications/Firefox.app/Contents/MacOS/firefox-bin" "--marionette" "-foreground" "-no-remote" "-profile" "/var/folders/bf/kx7p92dd5b98zbpfr_8rdjbc0000gn/T/rust_mozprofileJLqK51"
1597622631565	addons.webextension.screenshots@mozilla.org	WARN	Loading extension 'screenshots@mozilla.org': Reading manifest: Invalid extension permission: mozillaAddons
1597622631566	addons.webextension.screenshots@mozilla.org	WARN	Loading extension 'screenshots@mozilla.org': Reading manifest: Invalid extension permission: resource://pdf.js/
1597622631566	addons.webextension.screenshots@mozilla.org	WARN	Loading extension 'screenshots@mozilla.org': Reading manifest: Invalid extension permission: about:reader*
1597622634715	Marionette	INFO	Listening on port 58051
1597622634769	Marionette	WARN	TLS certificate errors will be ignored for this session
1597622651089	Marionette	INFO	Stopped listening on port 58051
1597622730509	geckodriver	INFO	Listening on 127.0.0.1:58258
1597622731538	mozrunner::runner	INFO	Running command: "/Applications/Firefox.app/Contents/MacOS/firefox-bin" "--marionette" "-foreground" "-no-remote" "-profile" "/var/folders/bf/kx7p92dd5b98zbpfr_8rdjbc0000gn/T/rust_mozprofileglhn1q"
1597622732974	addons.webextension.screenshots@mozilla.org	WARN	Loading extension 'screenshots@mozilla.org': Reading manifest: Invalid extension permission: mozillaAddons
1597622732974	addons.webextension.screenshots@mozilla.org	WARN	Loading extension 'screenshots@mozilla.org': Reading manifest: Invalid extension permission: resource://pdf.js/
1597622732975	addons.webextension.screenshots@mozilla.org	WARN	Loading extension 'screenshots@mozilla.org': Reading manifest: Invalid extension permission: about:reader*
1597622736070	Marionette	INFO	Listening on port 58270
1597622736159	Marionette	WARN	TLS certificate errors will be ignored for this session
1597622753098	Marionette	INFO	Stopped listening on port 58270
