==============================================================================
Suites                                                                        
==============================================================================
Suites.Datadriven                                                             
==============================================================================
Correct User Empty password                                           | PASS |
------------------------------------------------------------------------------
Correct User Wrong password                                           | PASS |
------------------------------------------------------------------------------
Wrong User Wrong password                                             | PASS |
------------------------------------------------------------------------------
Wrong User Empty password                                             | PASS |
------------------------------------------------------------------------------
Wrong User Wrong password                                             | PASS |
------------------------------------------------------------------------------
Suites.Datadriven                                                     | PASS |
5 critical tests, 5 passed, 0 failed
5 tests total, 5 passed, 0 failed
==============================================================================
Suites                                                                | PASS |
5 critical tests, 5 passed, 0 failed
5 tests total, 5 passed, 0 failed
==============================================================================
Output:  /Users/Parihar08/PycharmProjects/SeleniumPythonSession/RobotResults/pabot_results/0/output.xml
