08/16/2020 10:58:31 AM: INFO: Current google-chrome version is 84.0.4147
08/16/2020 10:58:31 AM: INFO: Get LATEST driver version for 84.0.4147
08/16/2020 10:58:31 AM: INFO: Driver [/Users/Parihar08/.wdm/drivers/chromedriver/mac64/84.0.4147.30/chromedriver] found in cache
08/16/2020 10:58:34 AM: INFO: ***********Verify Data Parameterization | Screenshot Capture***************
08/16/2020 10:58:34 AM: INFO: ***********Verify Config Property| Log Generation***************
08/16/2020 10:58:35 AM: INFO: ***********Launching the URL***************
08/16/2020 10:58:41 AM: INFO: ***********Entering Username***************
08/16/2020 10:58:42 AM: INFO: ***********Entering Password***************
08/16/2020 10:58:44 AM: INFO: ***********Clicking on Login Button***************
08/16/2020 10:58:45 AM: INFO: ***********Generating Screenshot***************
08/16/2020 10:58:45 AM: INFO: ***********Verify Data Parameterization | Screenshot Capture***************
08/16/2020 10:58:45 AM: INFO: ***********Verify Config Property| Log Generation***************
08/16/2020 10:58:46 AM: INFO: ***********Launching the URL***************
08/16/2020 10:58:46 AM: INFO: ***********Entering Username***************
08/16/2020 10:58:47 AM: INFO: ***********Entering Password***************
08/16/2020 10:58:48 AM: INFO: ***********Clicking on Login Button***************
08/16/2020 10:58:50 AM: INFO: ***********Generating Screenshot***************
08/16/2020 10:58:51 AM: INFO: Driver [/Users/Parihar08/.wdm/drivers/geckodriver/macos/v0.27.0/geckodriver] found in cache
08/16/2020 10:58:56 AM: INFO: ***********Verify Data Parameterization | Screenshot Capture***************
08/16/2020 10:58:56 AM: INFO: ***********Verify Config Property| Log Generation***************
08/16/2020 10:58:57 AM: INFO: ***********Launching the URL***************
08/16/2020 10:59:02 AM: INFO: ***********Entering Username***************
08/16/2020 10:59:03 AM: INFO: ***********Entering Password***************
08/16/2020 10:59:04 AM: INFO: ***********Clicking on Login Button***************
08/16/2020 10:59:05 AM: INFO: ***********Generating Screenshot***************
08/16/2020 10:59:05 AM: INFO: ***********Verify Data Parameterization | Screenshot Capture***************
08/16/2020 10:59:05 AM: INFO: ***********Verify Config Property| Log Generation***************
08/16/2020 10:59:06 AM: INFO: ***********Launching the URL***************
08/16/2020 10:59:07 AM: INFO: ***********Entering Username***************
08/16/2020 10:59:08 AM: INFO: ***********Entering Password***************
08/16/2020 10:59:10 AM: INFO: ***********Clicking on Login Button***************
08/16/2020 10:59:11 AM: INFO: ***********Generating Screenshot***************
08/16/2020 11:09:36 AM: INFO: Current google-chrome version is 84.0.4147
08/16/2020 11:09:36 AM: INFO: Get LATEST driver version for 84.0.4147
08/16/2020 11:09:36 AM: INFO: Driver [/Users/Parihar08/.wdm/drivers/chromedriver/mac64/84.0.4147.30/chromedriver] found in cache
08/16/2020 11:09:40 AM: INFO: ***********Verify Data Parameterization | Screenshot Capture***************
08/16/2020 11:09:40 AM: INFO: ***********Verify Config Property| Log Generation***************
08/16/2020 11:09:41 AM: INFO: ***********Launching the URL***************
08/16/2020 11:09:46 AM: INFO: ***********Entering Username***************
08/16/2020 11:09:48 AM: INFO: ***********Entering Password***************
08/16/2020 11:09:49 AM: INFO: ***********Clicking on Login Button***************
08/16/2020 11:10:16 AM: INFO: ***********Generating Screenshot***************
08/16/2020 11:10:16 AM: INFO: ***********Verify Data Parameterization | Screenshot Capture***************
08/16/2020 11:10:16 AM: INFO: ***********Verify Config Property| Log Generation***************
08/16/2020 11:10:18 AM: INFO: ***********Launching the URL***************
08/16/2020 11:10:19 AM: INFO: ***********Entering Username***************
08/16/2020 11:10:20 AM: INFO: ***********Entering Password***************
08/16/2020 11:10:21 AM: INFO: ***********Clicking on Login Button***************
08/16/2020 11:10:22 AM: INFO: ***********Generating Screenshot***************
08/16/2020 11:10:23 AM: INFO: Driver [/Users/Parihar08/.wdm/drivers/geckodriver/macos/v0.27.0/geckodriver] found in cache
08/16/2020 11:10:30 AM: INFO: ***********Verify Data Parameterization | Screenshot Capture***************
08/16/2020 11:10:30 AM: INFO: ***********Verify Config Property| Log Generation***************
08/16/2020 11:10:30 AM: INFO: ***********Launching the URL***************
08/16/2020 11:10:35 AM: INFO: ***********Entering Username***************
08/16/2020 11:10:37 AM: INFO: ***********Entering Password***************
08/16/2020 11:10:39 AM: INFO: ***********Clicking on Login Button***************
08/16/2020 11:10:40 AM: INFO: ***********Generating Screenshot***************
08/16/2020 11:10:40 AM: INFO: ***********Verify Data Parameterization | Screenshot Capture***************
08/16/2020 11:10:40 AM: INFO: ***********Verify Config Property| Log Generation***************
08/16/2020 11:10:41 AM: INFO: ***********Launching the URL***************
08/16/2020 11:10:41 AM: INFO: ***********Entering Username***************
08/16/2020 11:10:42 AM: INFO: ***********Entering Password***************
08/16/2020 11:10:44 AM: INFO: ***********Clicking on Login Button***************
08/16/2020 11:10:45 AM: INFO: ***********Generating Screenshot***************
08/16/2020 11:13:32 AM: INFO: Current google-chrome version is 84.0.4147
08/16/2020 11:13:32 AM: INFO: Get LATEST driver version for 84.0.4147
08/16/2020 11:13:32 AM: INFO: Driver [/Users/Parihar08/.wdm/drivers/chromedriver/mac64/84.0.4147.30/chromedriver] found in cache
08/16/2020 11:13:35 AM: INFO: Current google-chrome version is 84.0.4147
08/16/2020 11:13:35 AM: INFO: Get LATEST driver version for 84.0.4147
08/16/2020 11:13:35 AM: INFO: Driver [/Users/Parihar08/.wdm/drivers/chromedriver/mac64/84.0.4147.30/chromedriver] found in cache
08/16/2020 11:15:20 AM: INFO: Current google-chrome version is 84.0.4147
08/16/2020 11:15:20 AM: INFO: Get LATEST driver version for 84.0.4147
08/16/2020 11:15:20 AM: INFO: Driver [/Users/Parihar08/.wdm/drivers/chromedriver/mac64/84.0.4147.30/chromedriver] found in cache
08/16/2020 11:15:22 AM: INFO: ***********Verify Data Parameterization | Screenshot Capture***************
08/16/2020 11:15:22 AM: INFO: ***********Verify Config Property| Log Generation***************
08/16/2020 11:15:23 AM: INFO: Current google-chrome version is 84.0.4147
08/16/2020 11:15:23 AM: INFO: Get LATEST driver version for 84.0.4147
08/16/2020 11:15:23 AM: INFO: Driver [/Users/Parihar08/.wdm/drivers/chromedriver/mac64/84.0.4147.30/chromedriver] found in cache
08/16/2020 11:15:26 AM: INFO: ***********Verify Data Parameterization | Screenshot Capture***************
08/16/2020 11:15:26 AM: INFO: ***********Verify Config Property| Log Generation***************
08/16/2020 11:16:13 AM: INFO: Current google-chrome version is 84.0.4147
08/16/2020 11:16:13 AM: INFO: Get LATEST driver version for 84.0.4147
08/16/2020 11:16:14 AM: INFO: Driver [/Users/Parihar08/.wdm/drivers/chromedriver/mac64/84.0.4147.30/chromedriver] found in cache
08/16/2020 11:16:16 AM: INFO: ***********Verify Data Parameterization | Screenshot Capture***************
08/16/2020 11:16:16 AM: INFO: ***********Verify Config Property| Log Generation***************
08/16/2020 11:16:17 AM: INFO: ***********Launching the URL***************
08/16/2020 11:16:23 AM: INFO: ***********Entering Username***************
08/16/2020 11:16:25 AM: INFO: ***********Entering Password***************
08/16/2020 11:16:26 AM: INFO: ***********Clicking on Login Button***************
08/16/2020 11:16:27 AM: INFO: ***********Generating Screenshot***************
08/16/2020 11:16:27 AM: INFO: ***********Verify Data Parameterization | Screenshot Capture***************
08/16/2020 11:16:27 AM: INFO: ***********Verify Config Property| Log Generation***************
08/16/2020 11:16:28 AM: INFO: ***********Launching the URL***************
08/16/2020 11:16:29 AM: INFO: ***********Entering Username***************
08/16/2020 11:16:30 AM: INFO: ***********Entering Password***************
08/16/2020 11:16:31 AM: INFO: ***********Clicking on Login Button***************
08/16/2020 11:16:33 AM: INFO: ***********Generating Screenshot***************
08/16/2020 11:16:33 AM: INFO: Driver [/Users/Parihar08/.wdm/drivers/geckodriver/macos/v0.27.0/geckodriver] found in cache
08/16/2020 11:16:39 AM: INFO: ***********Verify Data Parameterization | Screenshot Capture***************
08/16/2020 11:16:39 AM: INFO: ***********Verify Config Property| Log Generation***************
08/16/2020 11:16:40 AM: INFO: ***********Launching the URL***************
08/16/2020 11:16:45 AM: INFO: ***********Entering Username***************
08/16/2020 11:16:46 AM: INFO: ***********Entering Password***************
08/16/2020 11:16:48 AM: INFO: ***********Clicking on Login Button***************
08/16/2020 11:16:49 AM: INFO: ***********Generating Screenshot***************
08/16/2020 11:16:49 AM: INFO: ***********Verify Data Parameterization | Screenshot Capture***************
08/16/2020 11:16:49 AM: INFO: ***********Verify Config Property| Log Generation***************
08/16/2020 11:16:50 AM: INFO: ***********Launching the URL***************
08/16/2020 11:16:50 AM: INFO: ***********Entering Username***************
08/16/2020 11:16:51 AM: INFO: ***********Entering Password***************
08/16/2020 11:16:53 AM: INFO: ***********Clicking on Login Button***************
08/16/2020 11:16:54 AM: INFO: ***********Generating Screenshot***************
08/16/2020 11:19:14 AM: INFO: Current google-chrome version is 84.0.4147
08/16/2020 11:19:14 AM: INFO: Get LATEST driver version for 84.0.4147
08/16/2020 11:19:14 AM: INFO: Driver [/Users/Parihar08/.wdm/drivers/chromedriver/mac64/84.0.4147.30/chromedriver] found in cache
08/16/2020 11:19:17 AM: INFO: ***********Verify Data Parameterization | Screenshot Capture***************
08/16/2020 11:19:17 AM: INFO: ***********Verify Config Property| Log Generation***************
08/16/2020 11:19:17 AM: INFO: ***********Launching the URL***************
08/16/2020 11:19:23 AM: INFO: ***********Entering Username***************
08/16/2020 11:19:24 AM: INFO: ***********Entering Password***************
08/16/2020 11:19:25 AM: INFO: ***********Clicking on Login Button***************
08/16/2020 11:19:53 AM: INFO: ***********Generating Screenshot***************
08/16/2020 11:19:53 AM: INFO: ***********Verify Data Parameterization | Screenshot Capture***************
08/16/2020 11:19:53 AM: INFO: ***********Verify Config Property| Log Generation***************
08/16/2020 11:19:53 AM: INFO: ***********Launching the URL***************
08/16/2020 11:19:54 AM: INFO: ***********Entering Username***************
08/16/2020 11:19:55 AM: INFO: ***********Entering Password***************
08/16/2020 11:19:56 AM: INFO: ***********Clicking on Login Button***************
08/16/2020 11:19:58 AM: INFO: ***********Generating Screenshot***************
08/16/2020 11:19:58 AM: INFO: Driver [/Users/Parihar08/.wdm/drivers/geckodriver/macos/v0.27.0/geckodriver] found in cache
08/16/2020 11:20:03 AM: INFO: ***********Verify Data Parameterization | Screenshot Capture***************
08/16/2020 11:20:03 AM: INFO: ***********Verify Config Property| Log Generation***************
08/16/2020 11:20:03 AM: INFO: ***********Launching the URL***************
08/16/2020 11:20:08 AM: INFO: ***********Entering Username***************
08/16/2020 11:20:09 AM: INFO: ***********Entering Password***************
08/16/2020 11:20:11 AM: INFO: ***********Clicking on Login Button***************
08/16/2020 11:20:12 AM: INFO: ***********Generating Screenshot***************
08/16/2020 11:20:12 AM: INFO: ***********Verify Data Parameterization | Screenshot Capture***************
08/16/2020 11:20:12 AM: INFO: ***********Verify Config Property| Log Generation***************
08/16/2020 11:20:13 AM: INFO: ***********Launching the URL***************
08/16/2020 11:20:13 AM: INFO: ***********Entering Username***************
08/16/2020 11:20:14 AM: INFO: ***********Entering Password***************
08/16/2020 11:20:16 AM: INFO: ***********Clicking on Login Button***************
08/16/2020 11:20:17 AM: INFO: ***********Generating Screenshot***************
08/16/2020 11:29:59 AM: INFO: Current google-chrome version is 84.0.4147
08/16/2020 11:29:59 AM: INFO: Get LATEST driver version for 84.0.4147
08/16/2020 11:30:00 AM: INFO: Driver [/Users/Parihar08/.wdm/drivers/chromedriver/mac64/84.0.4147.30/chromedriver] found in cache
08/16/2020 11:30:03 AM: INFO: Current google-chrome version is 84.0.4147
08/16/2020 11:30:03 AM: INFO: Get LATEST driver version for 84.0.4147
08/16/2020 11:30:03 AM: INFO: Driver [/Users/Parihar08/.wdm/drivers/chromedriver/mac64/84.0.4147.30/chromedriver] found in cache
08/16/2020 11:36:13 AM: INFO: Current google-chrome version is 84.0.4147
08/16/2020 11:36:13 AM: INFO: Get LATEST driver version for 84.0.4147
08/16/2020 11:36:13 AM: INFO: Driver [/Users/Parihar08/.wdm/drivers/chromedriver/mac64/84.0.4147.30/chromedriver] found in cache
08/16/2020 11:36:16 AM: INFO: ***********Verify Data Parameterization | Screenshot Capture***************
08/16/2020 11:36:16 AM: INFO: ***********Verify Config Property| Log Generation***************
08/16/2020 11:36:16 AM: INFO: Current google-chrome version is 84.0.4147
08/16/2020 11:36:16 AM: INFO: Get LATEST driver version for 84.0.4147
08/16/2020 11:36:16 AM: INFO: Driver [/Users/Parihar08/.wdm/drivers/chromedriver/mac64/84.0.4147.30/chromedriver] found in cache
08/16/2020 11:36:19 AM: INFO: ***********Verify Data Parameterization | Screenshot Capture***************
08/16/2020 11:36:19 AM: INFO: ***********Verify Config Property| Log Generation***************
08/16/2020 11:39:32 AM: INFO: Current google-chrome version is 84.0.4147
08/16/2020 11:39:32 AM: INFO: Get LATEST driver version for 84.0.4147
08/16/2020 11:39:33 AM: INFO: Driver [/Users/Parihar08/.wdm/drivers/chromedriver/mac64/84.0.4147.30/chromedriver] found in cache
08/16/2020 11:39:35 AM: INFO: ***********Verify Data Parameterization | Screenshot Capture***************
08/16/2020 11:39:35 AM: INFO: ***********Verify Config Property| Log Generation***************
08/16/2020 11:39:36 AM: INFO: ***********Launching the URL***************
08/16/2020 11:39:41 AM: INFO: ***********Entering Username***************
08/16/2020 11:39:43 AM: INFO: ***********Entering Password***************
08/16/2020 11:39:44 AM: INFO: ***********Clicking on Login Button***************
08/16/2020 11:39:45 AM: INFO: ***********Generating Screenshot***************
08/16/2020 11:39:45 AM: INFO: ***********Verify Data Parameterization | Screenshot Capture***************
08/16/2020 11:39:45 AM: INFO: ***********Verify Config Property| Log Generation***************
08/16/2020 11:39:45 AM: INFO: ***********Launching the URL***************
08/16/2020 11:39:46 AM: INFO: ***********Entering Username***************
08/16/2020 11:39:47 AM: INFO: ***********Entering Password***************
08/16/2020 11:39:48 AM: INFO: ***********Clicking on Login Button***************
08/16/2020 11:39:50 AM: INFO: ***********Generating Screenshot***************
08/16/2020 11:39:50 AM: INFO: Driver [/Users/Parihar08/.wdm/drivers/geckodriver/macos/v0.27.0/geckodriver] found in cache
08/16/2020 11:39:56 AM: INFO: ***********Verify Data Parameterization | Screenshot Capture***************
08/16/2020 11:39:56 AM: INFO: ***********Verify Config Property| Log Generation***************
08/16/2020 11:39:56 AM: INFO: ***********Launching the URL***************
08/16/2020 11:40:01 AM: INFO: ***********Entering Username***************
08/16/2020 11:40:03 AM: INFO: ***********Entering Password***************
08/16/2020 11:40:04 AM: INFO: ***********Clicking on Login Button***************
08/16/2020 11:40:05 AM: INFO: ***********Generating Screenshot***************
08/16/2020 11:40:05 AM: INFO: ***********Verify Data Parameterization | Screenshot Capture***************
08/16/2020 11:40:05 AM: INFO: ***********Verify Config Property| Log Generation***************
08/16/2020 11:40:06 AM: INFO: ***********Launching the URL***************
08/16/2020 11:40:06 AM: INFO: ***********Entering Username***************
08/16/2020 11:40:07 AM: INFO: ***********Entering Password***************
08/16/2020 11:40:09 AM: INFO: ***********Clicking on Login Button***************
08/16/2020 11:40:10 AM: INFO: ***********Generating Screenshot***************
08/16/2020 12:17:36 PM: INFO: Current google-chrome version is 84.0.4147
08/16/2020 12:17:36 PM: INFO: Get LATEST driver version for 84.0.4147
08/16/2020 12:17:36 PM: INFO: Driver [/Users/Parihar08/.wdm/drivers/chromedriver/mac64/84.0.4147.30/chromedriver] found in cache
08/16/2020 12:17:39 PM: INFO: ***********Verify Data Parameterization | Screenshot Capture***************
08/16/2020 12:17:39 PM: INFO: ***********Verify Config Property| Log Generation***************
08/16/2020 12:17:40 PM: INFO: ***********Launching the URL***************
08/16/2020 12:17:45 PM: INFO: ***********Entering Username***************
08/16/2020 12:17:46 PM: INFO: ***********Entering Password***************
08/16/2020 12:17:47 PM: INFO: ***********Clicking on Login Button***************
08/16/2020 12:17:49 PM: INFO: ***********Generating Screenshot***************
08/16/2020 12:17:49 PM: INFO: ***********Verify Data Parameterization | Screenshot Capture***************
08/16/2020 12:17:49 PM: INFO: ***********Verify Config Property| Log Generation***************
08/16/2020 12:17:49 PM: INFO: ***********Launching the URL***************
08/16/2020 12:17:50 PM: INFO: ***********Entering Username***************
08/16/2020 12:17:51 PM: INFO: ***********Entering Password***************
08/16/2020 12:17:52 PM: INFO: ***********Clicking on Login Button***************
08/16/2020 12:17:54 PM: INFO: ***********Generating Screenshot***************
08/16/2020 12:17:54 PM: INFO: Driver [/Users/Parihar08/.wdm/drivers/geckodriver/macos/v0.27.0/geckodriver] found in cache
08/16/2020 12:18:00 PM: INFO: ***********Verify Data Parameterization | Screenshot Capture***************
08/16/2020 12:18:00 PM: INFO: ***********Verify Config Property| Log Generation***************
08/16/2020 12:18:01 PM: INFO: ***********Launching the URL***************
08/16/2020 12:18:07 PM: INFO: ***********Entering Username***************
08/16/2020 12:18:08 PM: INFO: ***********Entering Password***************
08/16/2020 12:18:09 PM: INFO: ***********Clicking on Login Button***************
08/16/2020 12:18:10 PM: INFO: ***********Generating Screenshot***************
08/16/2020 12:18:10 PM: INFO: ***********Verify Data Parameterization | Screenshot Capture***************
08/16/2020 12:18:10 PM: INFO: ***********Verify Config Property| Log Generation***************
08/16/2020 12:18:11 PM: INFO: ***********Launching the URL***************
08/16/2020 12:18:12 PM: INFO: ***********Entering Username***************
08/16/2020 12:18:13 PM: INFO: ***********Entering Password***************
08/16/2020 12:18:15 PM: INFO: ***********Clicking on Login Button***************
08/16/2020 12:18:16 PM: INFO: ***********Generating Screenshot***************
08/16/2020 01:00:07 PM: INFO: Current google-chrome version is 84.0.4147
08/16/2020 01:00:07 PM: INFO: Get LATEST driver version for 84.0.4147
08/16/2020 01:00:07 PM: INFO: Driver [/Users/Parihar08/.wdm/drivers/chromedriver/mac64/84.0.4147.30/chromedriver] found in cache
08/16/2020 01:00:10 PM: INFO: ***********Verify Data Driven Excel | Screenshot Capture***************
08/16/2020 01:00:10 PM: INFO: ***********Verify Config Property| Log Generation***************
08/16/2020 01:00:11 PM: INFO: ***********Launching the URL***************
08/16/2020 01:00:17 PM: INFO: ***********Entering Username***************
08/16/2020 01:00:18 PM: INFO: ***********Entering Password***************
08/16/2020 01:00:19 PM: INFO: ***********Clicking on Login Button***************
08/16/2020 01:00:21 PM: INFO: ***********Generating Screenshot***************
08/16/2020 01:00:21 PM: INFO: Driver [/Users/Parihar08/.wdm/drivers/geckodriver/macos/v0.27.0/geckodriver] found in cache
08/16/2020 01:00:27 PM: INFO: ***********Verify Data Driven Excel | Screenshot Capture***************
08/16/2020 01:00:27 PM: INFO: ***********Verify Config Property| Log Generation***************
08/16/2020 01:00:27 PM: INFO: ***********Launching the URL***************
08/16/2020 01:00:33 PM: INFO: ***********Entering Username***************
08/16/2020 01:00:34 PM: INFO: ***********Entering Password***************
08/16/2020 01:00:35 PM: INFO: ***********Clicking on Login Button***************
08/16/2020 01:00:37 PM: INFO: ***********Generating Screenshot***************
08/16/2020 01:03:10 PM: INFO: Current google-chrome version is 84.0.4147
08/16/2020 01:03:10 PM: INFO: Get LATEST driver version for 84.0.4147
08/16/2020 01:03:10 PM: INFO: Driver [/Users/Parihar08/.wdm/drivers/chromedriver/mac64/84.0.4147.30/chromedriver] found in cache
08/16/2020 01:03:12 PM: INFO: ***********Verify Data Driven Excel | Screenshot Capture***************
08/16/2020 01:03:12 PM: INFO: ***********Verify Config Property| Log Generation***************
08/16/2020 01:03:13 PM: INFO: ***********Launching the URL***************
08/16/2020 01:03:19 PM: INFO: ***********Entering Username***************
08/16/2020 01:03:20 PM: INFO: ***********Entering Password***************
08/16/2020 01:03:21 PM: INFO: ***********Clicking on Login Button***************
08/16/2020 01:03:25 PM: INFO: ***********Generating Screenshot***************
08/16/2020 01:03:26 PM: INFO: Driver [/Users/Parihar08/.wdm/drivers/geckodriver/macos/v0.27.0/geckodriver] found in cache
08/16/2020 01:03:31 PM: INFO: ***********Verify Data Driven Excel | Screenshot Capture***************
08/16/2020 01:03:31 PM: INFO: ***********Verify Config Property| Log Generation***************
08/16/2020 01:03:32 PM: INFO: ***********Launching the URL***************
08/16/2020 01:03:37 PM: INFO: ***********Entering Username***************
08/16/2020 01:03:38 PM: INFO: ***********Entering Password***************
08/16/2020 01:03:39 PM: INFO: ***********Clicking on Login Button***************
08/16/2020 01:03:41 PM: INFO: ***********Generating Screenshot***************
08/16/2020 01:05:53 PM: INFO: Current google-chrome version is 84.0.4147
08/16/2020 01:05:53 PM: INFO: Get LATEST driver version for 84.0.4147
08/16/2020 01:05:54 PM: INFO: Driver [/Users/Parihar08/.wdm/drivers/chromedriver/mac64/84.0.4147.30/chromedriver] found in cache
08/16/2020 01:05:56 PM: INFO: ***********Verify Data Driven Excel | Screenshot Capture***************
08/16/2020 01:05:56 PM: INFO: ***********Verify Config Property| Log Generation***************
08/16/2020 01:05:57 PM: INFO: ***********Launching the URL***************
08/16/2020 01:06:02 PM: INFO: ***********Entering Username***************
08/16/2020 01:06:03 PM: INFO: ***********Entering Password***************
08/16/2020 01:06:05 PM: INFO: ***********Clicking on Login Button***************
08/16/2020 01:06:06 PM: INFO: ***********Generating Screenshot***************
08/16/2020 01:06:06 PM: INFO: ***********Entering Username***************
08/16/2020 01:06:07 PM: INFO: ***********Entering Password***************
08/16/2020 01:06:08 PM: INFO: ***********Clicking on Login Button***************
08/16/2020 01:06:10 PM: INFO: ***********Generating Screenshot***************
08/16/2020 01:06:10 PM: INFO: Driver [/Users/Parihar08/.wdm/drivers/geckodriver/macos/v0.27.0/geckodriver] found in cache
08/16/2020 01:06:17 PM: INFO: ***********Verify Data Driven Excel | Screenshot Capture***************
08/16/2020 01:06:17 PM: INFO: ***********Verify Config Property| Log Generation***************
08/16/2020 01:06:18 PM: INFO: ***********Launching the URL***************
08/16/2020 01:06:23 PM: INFO: ***********Entering Username***************
08/16/2020 01:06:24 PM: INFO: ***********Entering Password***************
08/16/2020 01:06:26 PM: INFO: ***********Clicking on Login Button***************
08/16/2020 01:06:27 PM: INFO: ***********Generating Screenshot***************
08/16/2020 01:06:27 PM: INFO: ***********Entering Username***************
08/16/2020 01:06:28 PM: INFO: ***********Entering Password***************
08/16/2020 01:06:29 PM: INFO: ***********Clicking on Login Button***************
08/16/2020 01:06:30 PM: INFO: ***********Generating Screenshot***************
08/16/2020 01:08:11 PM: INFO: Current google-chrome version is 84.0.4147
08/16/2020 01:08:11 PM: INFO: Get LATEST driver version for 84.0.4147
08/16/2020 01:08:12 PM: INFO: Driver [/Users/Parihar08/.wdm/drivers/chromedriver/mac64/84.0.4147.30/chromedriver] found in cache
08/16/2020 01:08:15 PM: INFO: ***********Verify Data Driven Excel | Screenshot Capture***************
08/16/2020 01:08:15 PM: INFO: ***********Verify Config Property| Log Generation***************
08/16/2020 01:08:15 PM: INFO: ***********Launching the URL***************
08/16/2020 01:08:21 PM: INFO: ***********Entering Username***************
08/16/2020 01:08:22 PM: INFO: ***********Entering Password***************
08/16/2020 01:08:23 PM: INFO: ***********Clicking on Login Button***************
08/16/2020 01:08:51 PM: INFO: ***********Generating Screenshot***************
08/16/2020 01:08:51 PM: INFO: ***********Entering Username***************
08/16/2020 01:08:53 PM: INFO: ***********Entering Password***************
08/16/2020 01:08:54 PM: INFO: ***********Clicking on Login Button***************
08/16/2020 01:08:55 PM: INFO: ***********Generating Screenshot***************
08/16/2020 01:08:56 PM: INFO: Driver [/Users/Parihar08/.wdm/drivers/geckodriver/macos/v0.27.0/geckodriver] found in cache
08/16/2020 01:09:02 PM: INFO: ***********Verify Data Driven Excel | Screenshot Capture***************
08/16/2020 01:09:02 PM: INFO: ***********Verify Config Property| Log Generation***************
08/16/2020 01:09:02 PM: INFO: ***********Launching the URL***************
08/16/2020 01:09:07 PM: INFO: ***********Entering Username***************
08/16/2020 01:09:08 PM: INFO: ***********Entering Password***************
08/16/2020 01:09:10 PM: INFO: ***********Clicking on Login Button***************
08/16/2020 01:09:11 PM: INFO: ***********Generating Screenshot***************
08/16/2020 01:09:11 PM: INFO: ***********Entering Username***************
08/16/2020 01:09:12 PM: INFO: ***********Entering Password***************
08/16/2020 01:09:14 PM: INFO: ***********Clicking on Login Button***************
08/16/2020 01:26:55 PM: INFO: Current google-chrome version is 84.0.4147
08/16/2020 01:26:55 PM: INFO: Get LATEST driver version for 84.0.4147
08/16/2020 01:26:55 PM: INFO: Driver [/Users/Parihar08/.wdm/drivers/chromedriver/mac64/84.0.4147.30/chromedriver] found in cache
08/16/2020 01:26:59 PM: INFO: ***********Verify Data Driven Excel | Screenshot Capture***************
08/16/2020 01:26:59 PM: INFO: ***********Verify Config Property| Log Generation***************
08/16/2020 01:26:59 PM: INFO: ***********Launching the URL***************
08/16/2020 01:27:05 PM: INFO: ***********Entering Username***************
08/16/2020 01:27:06 PM: INFO: ***********Entering Password***************
08/16/2020 01:27:07 PM: INFO: ***********Clicking on Login Button***************
08/16/2020 01:27:09 PM: INFO: ***********Generating Screenshot***************
08/16/2020 01:27:09 PM: INFO: ***********Entering Username***************
08/16/2020 01:27:10 PM: INFO: ***********Entering Password***************
08/16/2020 01:27:11 PM: INFO: ***********Clicking on Login Button***************
08/16/2020 01:27:13 PM: INFO: ***********Generating Screenshot***************
08/16/2020 01:27:13 PM: INFO: Driver [/Users/Parihar08/.wdm/drivers/geckodriver/macos/v0.27.0/geckodriver] found in cache
08/16/2020 01:27:19 PM: INFO: ***********Verify Data Driven Excel | Screenshot Capture***************
08/16/2020 01:27:19 PM: INFO: ***********Verify Config Property| Log Generation***************
08/16/2020 01:27:19 PM: INFO: ***********Launching the URL***************
08/16/2020 01:27:24 PM: INFO: ***********Entering Username***************
08/16/2020 01:27:25 PM: INFO: ***********Entering Password***************
08/16/2020 01:27:27 PM: INFO: ***********Clicking on Login Button***************
08/16/2020 01:27:28 PM: INFO: ***********Generating Screenshot***************
08/16/2020 01:27:28 PM: INFO: ***********Entering Username***************
08/16/2020 01:27:29 PM: INFO: ***********Entering Password***************
08/16/2020 01:27:30 PM: INFO: ***********Clicking on Login Button***************
08/16/2020 01:27:31 PM: INFO: ***********Generating Screenshot***************
08/16/2020 02:51:40 PM: INFO: Current google-chrome version is 84.0.4147
08/16/2020 02:51:40 PM: INFO: Get LATEST driver version for 84.0.4147
08/16/2020 02:51:40 PM: INFO: Driver [/Users/Parihar08/.wdm/drivers/chromedriver/mac64/84.0.4147.30/chromedriver] found in cache
08/16/2020 02:51:43 PM: INFO: ***********Verify Data Driven Excel | Screenshot Capture***************
08/16/2020 02:51:43 PM: INFO: ***********Verify Config Property| Log Generation***************
08/16/2020 02:51:44 PM: INFO: ***********Launching the URL***************
08/16/2020 02:51:50 PM: INFO: ***********Entering Username***************
08/16/2020 02:51:51 PM: INFO: ***********Entering Password***************
08/16/2020 02:51:52 PM: INFO: ***********Clicking on Login Button***************
08/16/2020 02:51:53 PM: INFO: ***********Generating Screenshot***************
08/16/2020 02:51:54 PM: INFO: ***********Entering Username***************
08/16/2020 02:51:55 PM: INFO: ***********Entering Password***************
08/16/2020 02:51:56 PM: INFO: ***********Clicking on Login Button***************
08/16/2020 02:51:57 PM: INFO: ***********Generating Screenshot***************
08/16/2020 02:51:58 PM: INFO: Driver [/Users/Parihar08/.wdm/drivers/geckodriver/macos/v0.27.0/geckodriver] found in cache
08/16/2020 02:52:04 PM: INFO: ***********Verify Data Driven Excel | Screenshot Capture***************
08/16/2020 02:52:04 PM: INFO: ***********Verify Config Property| Log Generation***************
08/16/2020 02:52:04 PM: INFO: ***********Launching the URL***************
08/16/2020 02:52:09 PM: INFO: ***********Entering Username***************
08/16/2020 02:52:10 PM: INFO: ***********Entering Password***************
08/16/2020 02:52:12 PM: INFO: ***********Clicking on Login Button***************
08/16/2020 02:52:13 PM: INFO: ***********Generating Screenshot***************
08/16/2020 02:52:13 PM: INFO: ***********Entering Username***************
08/16/2020 02:52:14 PM: INFO: ***********Entering Password***************
08/16/2020 02:52:16 PM: INFO: ***********Clicking on Login Button***************
08/16/2020 02:52:17 PM: INFO: ***********Generating Screenshot***************
08/16/2020 02:52:57 PM: INFO: Current google-chrome version is 84.0.4147
08/16/2020 02:52:57 PM: INFO: Get LATEST driver version for 84.0.4147
08/16/2020 02:52:58 PM: INFO: Driver [/Users/Parihar08/.wdm/drivers/chromedriver/mac64/84.0.4147.30/chromedriver] found in cache
08/16/2020 02:53:00 PM: INFO: ***********Verify Data Driven Excel | Screenshot Capture***************
08/16/2020 02:53:00 PM: INFO: ***********Verify Config Property| Log Generation***************
08/16/2020 02:53:01 PM: INFO: ***********Launching the URL***************
08/16/2020 02:53:07 PM: INFO: ***********Entering Username***************
08/16/2020 02:53:08 PM: INFO: ***********Entering Password***************
08/16/2020 02:53:10 PM: INFO: ***********Clicking on Login Button***************
08/16/2020 02:53:36 PM: INFO: ***********Generating Screenshot***************
08/16/2020 02:53:37 PM: INFO: ***********Entering Username***************
08/16/2020 02:53:39 PM: INFO: ***********Entering Password***************
08/16/2020 02:53:40 PM: INFO: ***********Clicking on Login Button***************
08/16/2020 02:53:41 PM: INFO: ***********Generating Screenshot***************
08/16/2020 02:53:42 PM: INFO: Driver [/Users/Parihar08/.wdm/drivers/geckodriver/macos/v0.27.0/geckodriver] found in cache
08/16/2020 02:53:47 PM: INFO: ***********Verify Data Driven Excel | Screenshot Capture***************
08/16/2020 02:53:47 PM: INFO: ***********Verify Config Property| Log Generation***************
08/16/2020 02:53:48 PM: INFO: ***********Launching the URL***************
08/16/2020 02:53:54 PM: INFO: ***********Entering Username***************
08/16/2020 02:53:55 PM: INFO: ***********Entering Password***************
08/16/2020 02:53:57 PM: INFO: ***********Clicking on Login Button***************
08/16/2020 02:53:58 PM: INFO: ***********Generating Screenshot***************
08/16/2020 02:53:59 PM: INFO: ***********Entering Username***************
08/16/2020 02:54:00 PM: INFO: ***********Entering Password***************
08/16/2020 02:54:02 PM: INFO: ***********Clicking on Login Button***************
08/16/2020 02:54:03 PM: INFO: ***********Generating Screenshot***************
08/16/2020 02:54:14 PM: INFO: Current google-chrome version is 84.0.4147
08/16/2020 02:54:14 PM: INFO: Get LATEST driver version for 84.0.4147
08/16/2020 02:54:14 PM: INFO: Driver [/Users/Parihar08/.wdm/drivers/chromedriver/mac64/84.0.4147.30/chromedriver] found in cache
08/16/2020 02:54:16 PM: INFO: ***********Verify Data Driven Excel | Screenshot Capture***************
08/16/2020 02:54:16 PM: INFO: ***********Verify Config Property| Log Generation***************
08/16/2020 02:54:17 PM: INFO: ***********Launching the URL***************
08/16/2020 02:54:23 PM: INFO: ***********Entering Username***************
08/16/2020 02:54:24 PM: INFO: ***********Entering Password***************
08/16/2020 02:54:25 PM: INFO: ***********Clicking on Login Button***************
08/16/2020 02:54:52 PM: INFO: ***********Generating Screenshot***************
08/16/2020 02:54:54 PM: INFO: ***********Entering Username***************
08/16/2020 02:54:55 PM: INFO: ***********Entering Password***************
08/16/2020 02:54:56 PM: INFO: ***********Clicking on Login Button***************
08/16/2020 02:54:57 PM: INFO: ***********Generating Screenshot***************
08/16/2020 02:54:58 PM: INFO: Driver [/Users/Parihar08/.wdm/drivers/geckodriver/macos/v0.27.0/geckodriver] found in cache
08/16/2020 02:55:02 PM: INFO: ***********Verify Data Driven Excel | Screenshot Capture***************
08/16/2020 02:55:02 PM: INFO: ***********Verify Config Property| Log Generation***************
08/16/2020 02:55:03 PM: INFO: ***********Launching the URL***************
08/16/2020 02:55:07 PM: INFO: ***********Entering Username***************
08/16/2020 02:55:09 PM: INFO: ***********Entering Password***************
08/16/2020 02:55:10 PM: INFO: ***********Clicking on Login Button***************
08/16/2020 02:55:11 PM: INFO: ***********Generating Screenshot***************
08/16/2020 02:55:12 PM: INFO: ***********Entering Username***************
08/16/2020 02:55:14 PM: INFO: ***********Entering Password***************
08/16/2020 02:55:15 PM: INFO: ***********Clicking on Login Button***************
08/16/2020 02:55:16 PM: INFO: ***********Generating Screenshot***************
08/16/2020 02:56:03 PM: INFO: Current google-chrome version is 84.0.4147
08/16/2020 02:56:03 PM: INFO: Get LATEST driver version for 84.0.4147
08/16/2020 02:56:04 PM: INFO: Driver [/Users/Parihar08/.wdm/drivers/chromedriver/mac64/84.0.4147.30/chromedriver] found in cache
08/16/2020 02:56:06 PM: INFO: ***********Verify Data Driven Excel | Screenshot Capture***************
08/16/2020 02:56:06 PM: INFO: ***********Verify Config Property| Log Generation***************
08/16/2020 02:56:07 PM: INFO: ***********Launching the URL***************
08/16/2020 02:56:12 PM: INFO: ***********Entering Username***************
08/16/2020 02:56:13 PM: INFO: ***********Entering Password***************
08/16/2020 02:56:15 PM: INFO: ***********Clicking on Login Button***************
08/16/2020 02:56:16 PM: INFO: ***********Generating Screenshot***************
08/16/2020 02:56:18 PM: INFO: ***********Entering Username***************
08/16/2020 02:56:19 PM: INFO: ***********Entering Password***************
08/16/2020 02:56:21 PM: INFO: ***********Clicking on Login Button***************
08/16/2020 02:56:22 PM: INFO: ***********Generating Screenshot***************
08/16/2020 02:56:23 PM: INFO: Driver [/Users/Parihar08/.wdm/drivers/geckodriver/macos/v0.27.0/geckodriver] found in cache
08/16/2020 02:56:27 PM: INFO: ***********Verify Data Driven Excel | Screenshot Capture***************
08/16/2020 02:56:27 PM: INFO: ***********Verify Config Property| Log Generation***************
08/16/2020 02:56:28 PM: INFO: ***********Launching the URL***************
08/16/2020 02:56:33 PM: INFO: ***********Entering Username***************
08/16/2020 02:56:34 PM: INFO: ***********Entering Password***************
08/16/2020 02:56:35 PM: INFO: ***********Clicking on Login Button***************
08/16/2020 02:56:36 PM: INFO: ***********Generating Screenshot***************
08/16/2020 02:56:39 PM: INFO: ***********Entering Username***************
08/16/2020 02:56:40 PM: INFO: ***********Entering Password***************
08/16/2020 02:56:41 PM: INFO: ***********Clicking on Login Button***************
08/16/2020 02:56:42 PM: INFO: ***********Generating Screenshot***************
08/16/2020 05:34:27 PM: INFO: Current google-chrome version is 84.0.4147
08/16/2020 05:34:27 PM: INFO: Get LATEST driver version for 84.0.4147
08/16/2020 05:34:27 PM: INFO: Driver [/Users/Parihar08/.wdm/drivers/chromedriver/mac64/84.0.4147.30/chromedriver] found in cache
08/16/2020 05:34:30 PM: INFO: ***********Verify Data Driven Excel | Screenshot Capture***************
08/16/2020 05:34:30 PM: INFO: ***********Verify Config Property| Log Generation***************
08/16/2020 05:34:31 PM: INFO: ***********Launching the URL***************
08/16/2020 05:34:39 PM: INFO: ***********Entering Username***************
08/16/2020 05:34:40 PM: INFO: ***********Entering Password***************
08/16/2020 05:34:41 PM: INFO: ***********Clicking on Login Button***************
08/16/2020 05:34:42 PM: INFO: ***********Generating Screenshot***************
08/16/2020 05:34:45 PM: INFO: ***********Entering Username***************
08/16/2020 05:34:46 PM: INFO: ***********Entering Password***************
08/16/2020 05:34:47 PM: INFO: ***********Clicking on Login Button***************
08/16/2020 05:34:48 PM: INFO: ***********Generating Screenshot***************
08/16/2020 05:34:49 PM: INFO: Driver [/Users/Parihar08/.wdm/drivers/geckodriver/macos/v0.27.0/geckodriver] found in cache
08/16/2020 05:34:55 PM: INFO: ***********Verify Data Driven Excel | Screenshot Capture***************
08/16/2020 05:34:55 PM: INFO: ***********Verify Config Property| Log Generation***************
08/16/2020 05:34:55 PM: INFO: ***********Launching the URL***************
08/16/2020 05:35:01 PM: INFO: ***********Entering Username***************
08/16/2020 05:35:02 PM: INFO: ***********Entering Password***************
08/16/2020 05:35:03 PM: INFO: ***********Clicking on Login Button***************
08/16/2020 05:35:04 PM: INFO: ***********Generating Screenshot***************
08/16/2020 05:35:07 PM: INFO: ***********Entering Username***************
08/16/2020 05:35:08 PM: INFO: ***********Entering Password***************
08/16/2020 05:35:10 PM: INFO: ***********Clicking on Login Button***************
08/16/2020 05:35:11 PM: INFO: ***********Generating Screenshot***************
08/16/2020 05:58:10 PM: INFO: Current google-chrome version is 84.0.4147
08/16/2020 05:58:10 PM: INFO: Get LATEST driver version for 84.0.4147
08/16/2020 05:58:10 PM: INFO: Driver [/Users/Parihar08/.wdm/drivers/chromedriver/mac64/84.0.4147.30/chromedriver] found in cache
08/16/2020 05:58:14 PM: INFO: ***********Verify Data Driven Excel | Screenshot Capture***************
08/16/2020 05:58:14 PM: INFO: ***********Verify Config Property| Log Generation***************
08/16/2020 05:58:15 PM: INFO: Driver [/Users/Parihar08/.wdm/drivers/geckodriver/macos/v0.27.0/geckodriver] found in cache
08/16/2020 05:58:21 PM: INFO: ***********Verify Data Driven Excel | Screenshot Capture***************
08/16/2020 05:58:21 PM: INFO: ***********Verify Config Property| Log Generation***************
08/16/2020 06:02:18 PM: INFO: Current google-chrome version is 84.0.4147
08/16/2020 06:02:18 PM: INFO: Get LATEST driver version for 84.0.4147
08/16/2020 06:02:18 PM: INFO: Driver [/Users/Parihar08/.wdm/drivers/chromedriver/mac64/84.0.4147.30/chromedriver] found in cache
08/16/2020 06:02:20 PM: INFO: ***********Verify Data Driven Excel | Screenshot Capture***************
08/16/2020 06:02:20 PM: INFO: ***********Verify Config Property| Log Generation***************
08/16/2020 06:02:22 PM: INFO: Driver [/Users/Parihar08/.wdm/drivers/geckodriver/macos/v0.27.0/geckodriver] found in cache
08/16/2020 06:02:28 PM: INFO: ***********Verify Data Driven Excel | Screenshot Capture***************
08/16/2020 06:02:28 PM: INFO: ***********Verify Config Property| Log Generation***************
08/16/2020 06:03:03 PM: INFO: Current google-chrome version is 84.0.4147
08/16/2020 06:03:03 PM: INFO: Get LATEST driver version for 84.0.4147
08/16/2020 06:03:03 PM: INFO: Driver [/Users/Parihar08/.wdm/drivers/chromedriver/mac64/84.0.4147.30/chromedriver] found in cache
08/16/2020 06:03:06 PM: INFO: ***********Verify Data Driven Excel | Screenshot Capture***************
08/16/2020 06:03:06 PM: INFO: ***********Verify Config Property| Log Generation***************
08/16/2020 06:03:07 PM: INFO: ***********Launching the URL***************
08/16/2020 06:03:12 PM: INFO: ***********Entering Username***************
08/16/2020 06:03:14 PM: INFO: ***********Entering Password***************
08/16/2020 06:03:15 PM: INFO: ***********Clicking on Login Button***************
08/16/2020 06:03:42 PM: INFO: ***********Generating Screenshot***************
08/16/2020 06:03:44 PM: INFO: ***********Entering Username***************
08/16/2020 06:03:45 PM: INFO: ***********Entering Password***************
08/16/2020 06:03:47 PM: INFO: ***********Clicking on Login Button***************
08/16/2020 06:03:48 PM: INFO: ***********Generating Screenshot***************
08/16/2020 06:03:49 PM: INFO: Driver [/Users/Parihar08/.wdm/drivers/geckodriver/macos/v0.27.0/geckodriver] found in cache
08/16/2020 06:03:54 PM: INFO: ***********Verify Data Driven Excel | Screenshot Capture***************
08/16/2020 06:03:54 PM: INFO: ***********Verify Config Property| Log Generation***************
08/16/2020 06:03:55 PM: INFO: ***********Launching the URL***************
08/16/2020 06:04:00 PM: INFO: ***********Entering Username***************
08/16/2020 06:04:02 PM: INFO: ***********Entering Password***************
08/16/2020 06:04:03 PM: INFO: ***********Clicking on Login Button***************
08/16/2020 06:04:04 PM: INFO: ***********Generating Screenshot***************
08/16/2020 06:04:06 PM: INFO: ***********Entering Username***************
08/16/2020 06:04:08 PM: INFO: ***********Entering Password***************
08/16/2020 06:04:10 PM: INFO: ***********Clicking on Login Button***************
08/16/2020 06:04:11 PM: INFO: ***********Generating Screenshot***************
08/16/2020 06:05:09 PM: INFO: Current google-chrome version is 84.0.4147
08/16/2020 06:05:09 PM: INFO: Get LATEST driver version for 84.0.4147
08/16/2020 06:05:10 PM: INFO: Driver [/Users/Parihar08/.wdm/drivers/chromedriver/mac64/84.0.4147.30/chromedriver] found in cache
08/16/2020 06:05:12 PM: INFO: ***********Verify Data Driven Excel | Screenshot Capture***************
08/16/2020 06:05:12 PM: INFO: ***********Verify Config Property| Log Generation***************
08/16/2020 06:05:13 PM: INFO: ***********Launching the URL***************
08/16/2020 06:05:19 PM: INFO: ***********Entering Username***************
08/16/2020 06:05:20 PM: INFO: ***********Entering Password***************
08/16/2020 06:05:21 PM: INFO: ***********Clicking on Login Button***************
08/16/2020 06:05:23 PM: INFO: ***********Generating Screenshot***************
08/16/2020 06:05:25 PM: INFO: ***********Entering Username***************
08/16/2020 06:05:26 PM: INFO: ***********Entering Password***************
08/16/2020 06:05:28 PM: INFO: ***********Clicking on Login Button***************
08/16/2020 06:05:29 PM: INFO: ***********Generating Screenshot***************
08/16/2020 06:05:30 PM: INFO: Driver [/Users/Parihar08/.wdm/drivers/geckodriver/macos/v0.27.0/geckodriver] found in cache
08/16/2020 06:05:36 PM: INFO: ***********Verify Data Driven Excel | Screenshot Capture***************
08/16/2020 06:05:36 PM: INFO: ***********Verify Config Property| Log Generation***************
08/16/2020 06:05:36 PM: INFO: ***********Launching the URL***************
08/16/2020 06:05:42 PM: INFO: ***********Entering Username***************
08/16/2020 06:05:43 PM: INFO: ***********Entering Password***************
08/16/2020 06:05:45 PM: INFO: ***********Clicking on Login Button***************
08/16/2020 06:05:46 PM: INFO: ***********Generating Screenshot***************
08/16/2020 06:05:48 PM: INFO: ***********Entering Username***************
08/16/2020 06:05:49 PM: INFO: ***********Entering Password***************
08/16/2020 06:05:52 PM: INFO: ***********Clicking on Login Button***************
08/16/2020 06:05:53 PM: INFO: ***********Generating Screenshot***************
