==============================================================================
Suites                                                                        
==============================================================================
Suites.Datadrivenexcel                                                        
==============================================================================
LoginTestWithExcel using admin@yourstore.com and adm                  | PASS |
------------------------------------------------------------------------------
LoginTestWithExcel using adm@yourstore.com and admin                  | PASS |
------------------------------------------------------------------------------
LoginTestWithExcel using adm@yourstore.com and adm                    | PASS |
------------------------------------------------------------------------------
Suites.Datadrivenexcel                                                | PASS |
3 critical tests, 3 passed, 0 failed
3 tests total, 3 passed, 0 failed
==============================================================================
Suites                                                                | PASS |
3 critical tests, 3 passed, 0 failed
3 tests total, 3 passed, 0 failed
==============================================================================
Output:  /Users/Parihar08/PycharmProjects/SeleniumPythonSession/RobotResults/pabot_results/2/output.xml
